1704905735.928514 client started (42116): version 3.3a, socket /tmp/tmux-1000/default, protocol 8
1704905735.928550 on Linux 6.5.0-14-generic #14-Ubuntu SMP PREEMPT_DYNAMIC Tue Nov 14 14:59:49 UTC 2023
1704905735.928556 using libevent 2.1.12-stable (poll); ncurses 6.4
1704905735.928580 flags are 0x10010000
1704905735.928585 socket is /tmp/tmux-1000/default
1704905735.928599 trying connect
1704905735.928682 add peer 0x561db21e7cb0: 6 ((nil))
1704905735.929119 sending message 100 to peer 0x561db21e7cb0 (4 bytes)
1704905735.929128 sending message 111 to peer 0x561db21e7cb0 (8 bytes)
1704905735.929134 sending message 101 to peer 0x561db21e7cb0 (15 bytes)
1704905735.929139 sending message 109 to peer 0x561db21e7cb0 (4 bytes)
1704905735.929144 sending message 102 to peer 0x561db21e7cb0 (11 bytes)
1704905735.929148 sending message 108 to peer 0x561db21e7cb0 (51 bytes)
1704905735.929153 sending message 112 to peer 0x561db21e7cb0 (58 bytes)
1704905735.929158 sending message 112 to peer 0x561db21e7cb0 (5 bytes)
1704905735.929163 sending message 112 to peer 0x561db21e7cb0 (5 bytes)
1704905735.929168 sending message 112 to peer 0x561db21e7cb0 (6 bytes)
1704905735.929172 sending message 112 to peer 0x561db21e7cb0 (6 bytes)
1704905735.929177 sending message 112 to peer 0x561db21e7cb0 (11 bytes)
1704905735.929182 sending message 112 to peer 0x561db21e7cb0 (10 bytes)
1704905735.929187 sending message 112 to peer 0x561db21e7cb0 (13 bytes)
1704905735.929192 sending message 112 to peer 0x561db21e7cb0 (14 bytes)
1704905735.929197 sending message 112 to peer 0x561db21e7cb0 (19 bytes)
1704905735.929201 sending message 112 to peer 0x561db21e7cb0 (11 bytes)
1704905735.929206 sending message 112 to peer 0x561db21e7cb0 (10 bytes)
1704905735.929211 sending message 112 to peer 0x561db21e7cb0 (15 bytes)
1704905735.929215 sending message 112 to peer 0x561db21e7cb0 (21 bytes)
1704905735.929220 sending message 112 to peer 0x561db21e7cb0 (13 bytes)
1704905735.929225 sending message 112 to peer 0x561db21e7cb0 (7 bytes)
1704905735.929230 sending message 112 to peer 0x561db21e7cb0 (13 bytes)
1704905735.929234 sending message 112 to peer 0x561db21e7cb0 (7 bytes)
1704905735.929239 sending message 112 to peer 0x561db21e7cb0 (13 bytes)
1704905735.929244 sending message 112 to peer 0x561db21e7cb0 (9 bytes)
1704905735.929248 sending message 112 to peer 0x561db21e7cb0 (21 bytes)
1704905735.929253 sending message 112 to peer 0x561db21e7cb0 (13 bytes)
1704905735.929258 sending message 112 to peer 0x561db21e7cb0 (9 bytes)
1704905735.929262 sending message 112 to peer 0x561db21e7cb0 (16 bytes)
1704905735.929267 sending message 112 to peer 0x561db21e7cb0 (13 bytes)
1704905735.929271 sending message 112 to peer 0x561db21e7cb0 (9 bytes)
1704905735.929276 sending message 112 to peer 0x561db21e7cb0 (9 bytes)
1704905735.929281 sending message 112 to peer 0x561db21e7cb0 (12 bytes)
1704905735.929285 sending message 112 to peer 0x561db21e7cb0 (8 bytes)
1704905735.929290 sending message 112 to peer 0x561db21e7cb0 (8 bytes)
1704905735.929295 sending message 112 to peer 0x561db21e7cb0 (13 bytes)
1704905735.929300 sending message 112 to peer 0x561db21e7cb0 (7 bytes)
1704905735.929304 sending message 112 to peer 0x561db21e7cb0 (7 bytes)
1704905735.929309 sending message 112 to peer 0x561db21e7cb0 (9 bytes)
1704905735.929314 sending message 112 to peer 0x561db21e7cb0 (9 bytes)
1704905735.929318 sending message 112 to peer 0x561db21e7cb0 (15 bytes)
1704905735.929323 sending message 112 to peer 0x561db21e7cb0 (13 bytes)
1704905735.929328 sending message 112 to peer 0x561db21e7cb0 (12 bytes)
1704905735.929332 sending message 112 to peer 0x561db21e7cb0 (8 bytes)
1704905735.929337 sending message 112 to peer 0x561db21e7cb0 (14 bytes)
1704905735.929341 sending message 112 to peer 0x561db21e7cb0 (11 bytes)
1704905735.929346 sending message 112 to peer 0x561db21e7cb0 (9 bytes)
1704905735.929351 sending message 112 to peer 0x561db21e7cb0 (10 bytes)
1704905735.929356 sending message 112 to peer 0x561db21e7cb0 (10 bytes)
1704905735.929360 sending message 112 to peer 0x561db21e7cb0 (10 bytes)
1704905735.929365 sending message 112 to peer 0x561db21e7cb0 (10 bytes)
1704905735.929377 sending message 112 to peer 0x561db21e7cb0 (11 bytes)
1704905735.929382 sending message 112 to peer 0x561db21e7cb0 (12 bytes)
1704905735.929387 sending message 112 to peer 0x561db21e7cb0 (12 bytes)
1704905735.929392 sending message 112 to peer 0x561db21e7cb0 (12 bytes)
1704905735.929396 sending message 112 to peer 0x561db21e7cb0 (12 bytes)
1704905735.929401 sending message 112 to peer 0x561db21e7cb0 (12 bytes)
1704905735.929405 sending message 112 to peer 0x561db21e7cb0 (11 bytes)
1704905735.929410 sending message 112 to peer 0x561db21e7cb0 (11 bytes)
1704905735.929415 sending message 112 to peer 0x561db21e7cb0 (12 bytes)
1704905735.929420 sending message 112 to peer 0x561db21e7cb0 (12 bytes)
1704905735.929425 sending message 112 to peer 0x561db21e7cb0 (12 bytes)
1704905735.929429 sending message 112 to peer 0x561db21e7cb0 (12 bytes)
1704905735.929434 sending message 112 to peer 0x561db21e7cb0 (12 bytes)
1704905735.929439 sending message 112 to peer 0x561db21e7cb0 (9 bytes)
1704905735.929444 sending message 112 to peer 0x561db21e7cb0 (12 bytes)
1704905735.929448 sending message 112 to peer 0x561db21e7cb0 (13 bytes)
1704905735.929453 sending message 112 to peer 0x561db21e7cb0 (13 bytes)
1704905735.929457 sending message 112 to peer 0x561db21e7cb0 (13 bytes)
1704905735.929462 sending message 112 to peer 0x561db21e7cb0 (13 bytes)
1704905735.929466 sending message 112 to peer 0x561db21e7cb0 (13 bytes)
1704905735.929471 sending message 112 to peer 0x561db21e7cb0 (8 bytes)
1704905735.929475 sending message 112 to peer 0x561db21e7cb0 (11 bytes)
1704905735.929480 sending message 112 to peer 0x561db21e7cb0 (11 bytes)
1704905735.929484 sending message 112 to peer 0x561db21e7cb0 (11 bytes)
1704905735.929489 sending message 112 to peer 0x561db21e7cb0 (12 bytes)
1704905735.929494 sending message 112 to peer 0x561db21e7cb0 (12 bytes)
1704905735.929498 sending message 112 to peer 0x561db21e7cb0 (12 bytes)
1704905735.929503 sending message 112 to peer 0x561db21e7cb0 (12 bytes)
1704905735.929508 sending message 112 to peer 0x561db21e7cb0 (13 bytes)
1704905735.929512 sending message 112 to peer 0x561db21e7cb0 (13 bytes)
1704905735.929517 sending message 112 to peer 0x561db21e7cb0 (13 bytes)
1704905735.929522 sending message 112 to peer 0x561db21e7cb0 (8 bytes)
1704905735.929527 sending message 112 to peer 0x561db21e7cb0 (13 bytes)
1704905735.929531 sending message 112 to peer 0x561db21e7cb0 (13 bytes)
1704905735.929536 sending message 112 to peer 0x561db21e7cb0 (13 bytes)
1704905735.929540 sending message 112 to peer 0x561db21e7cb0 (13 bytes)
1704905735.929545 sending message 112 to peer 0x561db21e7cb0 (13 bytes)
1704905735.929550 sending message 112 to peer 0x561db21e7cb0 (12 bytes)
1704905735.929555 sending message 112 to peer 0x561db21e7cb0 (12 bytes)
1704905735.929559 sending message 112 to peer 0x561db21e7cb0 (12 bytes)
1704905735.929564 sending message 112 to peer 0x561db21e7cb0 (12 bytes)
1704905735.929569 sending message 112 to peer 0x561db21e7cb0 (13 bytes)
1704905735.929573 sending message 112 to peer 0x561db21e7cb0 (8 bytes)
1704905735.929579 sending message 112 to peer 0x561db21e7cb0 (13 bytes)
1704905735.929583 sending message 112 to peer 0x561db21e7cb0 (13 bytes)
1704905735.929588 sending message 112 to peer 0x561db21e7cb0 (13 bytes)
1704905735.929593 sending message 112 to peer 0x561db21e7cb0 (13 bytes)
1704905735.929598 sending message 112 to peer 0x561db21e7cb0 (13 bytes)
1704905735.929602 sending message 112 to peer 0x561db21e7cb0 (13 bytes)
1704905735.929607 sending message 112 to peer 0x561db21e7cb0 (13 bytes)
1704905735.929611 sending message 112 to peer 0x561db21e7cb0 (12 bytes)
1704905735.929616 sending message 112 to peer 0x561db21e7cb0 (12 bytes)
1704905735.929620 sending message 112 to peer 0x561db21e7cb0 (12 bytes)
1704905735.929625 sending message 112 to peer 0x561db21e7cb0 (8 bytes)
1704905735.929630 sending message 112 to peer 0x561db21e7cb0 (12 bytes)
1704905735.929634 sending message 112 to peer 0x561db21e7cb0 (13 bytes)
1704905735.929643 sending message 112 to peer 0x561db21e7cb0 (13 bytes)
1704905735.929648 sending message 112 to peer 0x561db21e7cb0 (13 bytes)
1704905735.929653 sending message 112 to peer 0x561db21e7cb0 (13 bytes)
1704905735.929658 sending message 112 to peer 0x561db21e7cb0 (13 bytes)
1704905735.929662 sending message 112 to peer 0x561db21e7cb0 (13 bytes)
1704905735.929667 sending message 112 to peer 0x561db21e7cb0 (13 bytes)
1704905735.929672 sending message 112 to peer 0x561db21e7cb0 (13 bytes)
1704905735.929676 sending message 112 to peer 0x561db21e7cb0 (12 bytes)
1704905735.929681 sending message 112 to peer 0x561db21e7cb0 (10 bytes)
1704905735.929685 sending message 112 to peer 0x561db21e7cb0 (12 bytes)
1704905735.929690 sending message 112 to peer 0x561db21e7cb0 (12 bytes)
1704905735.929695 sending message 112 to peer 0x561db21e7cb0 (12 bytes)
1704905735.929699 sending message 112 to peer 0x561db21e7cb0 (13 bytes)
1704905735.929704 sending message 112 to peer 0x561db21e7cb0 (13 bytes)
1704905735.929708 sending message 112 to peer 0x561db21e7cb0 (13 bytes)
1704905735.929713 sending message 112 to peer 0x561db21e7cb0 (13 bytes)
1704905735.929718 sending message 112 to peer 0x561db21e7cb0 (13 bytes)
1704905735.929722 sending message 112 to peer 0x561db21e7cb0 (13 bytes)
1704905735.929727 sending message 112 to peer 0x561db21e7cb0 (13 bytes)
1704905735.929732 sending message 112 to peer 0x561db21e7cb0 (10 bytes)
1704905735.929736 sending message 112 to peer 0x561db21e7cb0 (13 bytes)
1704905735.929741 sending message 112 to peer 0x561db21e7cb0 (12 bytes)
1704905735.929745 sending message 112 to peer 0x561db21e7cb0 (12 bytes)
1704905735.929750 sending message 112 to peer 0x561db21e7cb0 (12 bytes)
1704905735.929754 sending message 112 to peer 0x561db21e7cb0 (10 bytes)
1704905735.929759 sending message 112 to peer 0x561db21e7cb0 (10 bytes)
1704905735.929763 sending message 112 to peer 0x561db21e7cb0 (10 bytes)
1704905735.929768 sending message 112 to peer 0x561db21e7cb0 (12 bytes)
1704905735.929772 sending message 112 to peer 0x561db21e7cb0 (13 bytes)
1704905735.929777 sending message 112 to peer 0x561db21e7cb0 (13 bytes)
1704905735.929782 sending message 112 to peer 0x561db21e7cb0 (13 bytes)
1704905735.929786 sending message 112 to peer 0x561db21e7cb0 (13 bytes)
1704905735.929791 sending message 112 to peer 0x561db21e7cb0 (13 bytes)
1704905735.929795 sending message 112 to peer 0x561db21e7cb0 (10 bytes)
1704905735.929800 sending message 112 to peer 0x561db21e7cb0 (11 bytes)
1704905735.929805 sending message 112 to peer 0x561db21e7cb0 (12 bytes)
1704905735.929809 sending message 112 to peer 0x561db21e7cb0 (12 bytes)
1704905735.929814 sending message 112 to peer 0x561db21e7cb0 (12 bytes)
1704905735.929819 sending message 112 to peer 0x561db21e7cb0 (12 bytes)
1704905735.929823 sending message 112 to peer 0x561db21e7cb0 (12 bytes)
1704905735.929828 sending message 112 to peer 0x561db21e7cb0 (11 bytes)
1704905735.929832 sending message 112 to peer 0x561db21e7cb0 (12 bytes)
1704905735.929837 sending message 112 to peer 0x561db21e7cb0 (12 bytes)
1704905735.929841 sending message 112 to peer 0x561db21e7cb0 (13 bytes)
1704905735.929846 sending message 112 to peer 0x561db21e7cb0 (13 bytes)
1704905735.929850 sending message 112 to peer 0x561db21e7cb0 (13 bytes)
1704905735.929855 sending message 112 to peer 0x561db21e7cb0 (13 bytes)
1704905735.929860 sending message 112 to peer 0x561db21e7cb0 (13 bytes)
1704905735.929865 sending message 112 to peer 0x561db21e7cb0 (10 bytes)
1704905735.929870 sending message 112 to peer 0x561db21e7cb0 (9 bytes)
1704905735.929875 sending message 112 to peer 0x561db21e7cb0 (12 bytes)
1704905735.929879 sending message 112 to peer 0x561db21e7cb0 (13 bytes)
1704905735.929884 sending message 112 to peer 0x561db21e7cb0 (13 bytes)
1704905735.929888 sending message 112 to peer 0x561db21e7cb0 (13 bytes)
1704905735.929893 sending message 112 to peer 0x561db21e7cb0 (13 bytes)
1704905735.929897 sending message 112 to peer 0x561db21e7cb0 (13 bytes)
1704905735.929902 sending message 112 to peer 0x561db21e7cb0 (9 bytes)
1704905735.929911 sending message 112 to peer 0x561db21e7cb0 (12 bytes)
1704905735.929915 sending message 112 to peer 0x561db21e7cb0 (13 bytes)
1704905735.929920 sending message 112 to peer 0x561db21e7cb0 (13 bytes)
1704905735.929924 sending message 112 to peer 0x561db21e7cb0 (13 bytes)
1704905735.929929 sending message 112 to peer 0x561db21e7cb0 (13 bytes)
1704905735.929933 sending message 112 to peer 0x561db21e7cb0 (13 bytes)
1704905735.929938 sending message 112 to peer 0x561db21e7cb0 (11 bytes)
1704905735.929942 sending message 112 to peer 0x561db21e7cb0 (12 bytes)
1704905735.929947 sending message 112 to peer 0x561db21e7cb0 (13 bytes)
1704905735.929952 sending message 112 to peer 0x561db21e7cb0 (13 bytes)
1704905735.929956 sending message 112 to peer 0x561db21e7cb0 (13 bytes)
1704905735.929961 sending message 112 to peer 0x561db21e7cb0 (13 bytes)
1704905735.929965 sending message 112 to peer 0x561db21e7cb0 (13 bytes)
1704905735.929970 sending message 112 to peer 0x561db21e7cb0 (11 bytes)
1704905735.929974 sending message 112 to peer 0x561db21e7cb0 (12 bytes)
1704905735.929979 sending message 112 to peer 0x561db21e7cb0 (12 bytes)
1704905735.929983 sending message 112 to peer 0x561db21e7cb0 (12 bytes)
1704905735.929988 sending message 112 to peer 0x561db21e7cb0 (12 bytes)
1704905735.929992 sending message 112 to peer 0x561db21e7cb0 (12 bytes)
1704905735.929997 sending message 112 to peer 0x561db21e7cb0 (21 bytes)
1704905735.930001 sending message 112 to peer 0x561db21e7cb0 (12 bytes)
1704905735.930006 sending message 112 to peer 0x561db21e7cb0 (9 bytes)
1704905735.930011 sending message 112 to peer 0x561db21e7cb0 (6 bytes)
1704905735.930016 sending message 112 to peer 0x561db21e7cb0 (13 bytes)
1704905735.930021 sending message 112 to peer 0x561db21e7cb0 (10 bytes)
1704905735.930025 sending message 112 to peer 0x561db21e7cb0 (24 bytes)
1704905735.930030 sending message 112 to peer 0x561db21e7cb0 (13 bytes)
1704905735.930035 sending message 112 to peer 0x561db21e7cb0 (9 bytes)
1704905735.930039 sending message 112 to peer 0x561db21e7cb0 (70 bytes)
1704905735.930044 sending message 112 to peer 0x561db21e7cb0 (69 bytes)
1704905735.930049 sending message 112 to peer 0x561db21e7cb0 (12 bytes)
1704905735.930053 sending message 112 to peer 0x561db21e7cb0 (10 bytes)
1704905735.930058 sending message 112 to peer 0x561db21e7cb0 (10 bytes)
1704905735.930063 sending message 112 to peer 0x561db21e7cb0 (24 bytes)
1704905735.930067 sending message 112 to peer 0x561db21e7cb0 (13 bytes)
1704905735.930072 sending message 112 to peer 0x561db21e7cb0 (10 bytes)
1704905735.930076 sending message 112 to peer 0x561db21e7cb0 (10 bytes)
1704905735.930081 sending message 112 to peer 0x561db21e7cb0 (10 bytes)
1704905735.930085 sending message 112 to peer 0x561db21e7cb0 (13 bytes)
1704905735.930090 sending message 112 to peer 0x561db21e7cb0 (15 bytes)
1704905735.930095 sending message 112 to peer 0x561db21e7cb0 (5 bytes)
1704905735.930100 sending message 104 to peer 0x561db21e7cb0 (0 bytes)
1704905735.930105 sending message 110 to peer 0x561db21e7cb0 (0 bytes)
1704905735.930110 sending message 107 to peer 0x561db21e7cb0 (4 bytes)
1704905735.930115 sending message 105 to peer 0x561db21e7cb0 (20 bytes)
1704905735.930120 sending message 105 to peer 0x561db21e7cb0 (54 bytes)
1704905735.930124 sending message 105 to peer 0x561db21e7cb0 (68 bytes)
1704905735.930129 sending message 105 to peer 0x561db21e7cb0 (23 bytes)
1704905735.930134 sending message 105 to peer 0x561db21e7cb0 (11 bytes)
1704905735.930138 sending message 105 to peer 0x561db21e7cb0 (18 bytes)
1704905735.930143 sending message 105 to peer 0x561db21e7cb0 (44 bytes)
1704905735.930147 sending message 105 to peer 0x561db21e7cb0 (23 bytes)
1704905735.930152 sending message 105 to peer 0x561db21e7cb0 (32 bytes)
1704905735.930157 sending message 105 to peer 0x561db21e7cb0 (86 bytes)
1704905735.930162 sending message 105 to peer 0x561db21e7cb0 (29 bytes)
1704905735.930167 sending message 105 to peer 0x561db21e7cb0 (28 bytes)
1704905735.930171 sending message 105 to peer 0x561db21e7cb0 (18 bytes)
1704905735.930180 sending message 105 to peer 0x561db21e7cb0 (17 bytes)
1704905735.930185 sending message 105 to peer 0x561db21e7cb0 (23 bytes)
1704905735.930190 sending message 105 to peer 0x561db21e7cb0 (30 bytes)
1704905735.930194 sending message 105 to peer 0x561db21e7cb0 (27 bytes)
1704905735.930199 sending message 105 to peer 0x561db21e7cb0 (24 bytes)
1704905735.930203 sending message 105 to peer 0x561db21e7cb0 (20 bytes)
1704905735.930208 sending message 105 to peer 0x561db21e7cb0 (23 bytes)
1704905735.930212 sending message 105 to peer 0x561db21e7cb0 (21 bytes)
1704905735.930217 sending message 105 to peer 0x561db21e7cb0 (25 bytes)
1704905735.930222 sending message 105 to peer 0x561db21e7cb0 (20 bytes)
1704905735.930227 sending message 105 to peer 0x561db21e7cb0 (8 bytes)
1704905735.930232 sending message 105 to peer 0x561db21e7cb0 (24 bytes)
1704905735.930236 sending message 105 to peer 0x561db21e7cb0 (24 bytes)
1704905735.930241 sending message 105 to peer 0x561db21e7cb0 (21 bytes)
1704905735.930246 sending message 105 to peer 0x561db21e7cb0 (21 bytes)
1704905735.930250 sending message 105 to peer 0x561db21e7cb0 (25 bytes)
1704905735.930255 sending message 105 to peer 0x561db21e7cb0 (21 bytes)
1704905735.930260 sending message 105 to peer 0x561db21e7cb0 (26 bytes)
1704905735.930264 sending message 105 to peer 0x561db21e7cb0 (15 bytes)
1704905735.930269 sending message 105 to peer 0x561db21e7cb0 (32 bytes)
1704905735.930274 sending message 105 to peer 0x561db21e7cb0 (1764 bytes)
1704905735.930299 sending message 105 to peer 0x561db21e7cb0 (47 bytes)
1704905735.930304 sending message 105 to peer 0x561db21e7cb0 (12 bytes)
1704905735.930309 sending message 105 to peer 0x561db21e7cb0 (11 bytes)
1704905735.930314 sending message 105 to peer 0x561db21e7cb0 (114 bytes)
1704905735.930319 sending message 105 to peer 0x561db21e7cb0 (55 bytes)
1704905735.930324 sending message 105 to peer 0x561db21e7cb0 (56 bytes)
1704905735.930329 sending message 105 to peer 0x561db21e7cb0 (19 bytes)
1704905735.930333 sending message 105 to peer 0x561db21e7cb0 (18 bytes)
1704905735.930338 sending message 105 to peer 0x561db21e7cb0 (80 bytes)
1704905735.930343 sending message 105 to peer 0x561db21e7cb0 (19 bytes)
1704905735.930347 sending message 105 to peer 0x561db21e7cb0 (8 bytes)
1704905735.930352 sending message 105 to peer 0x561db21e7cb0 (27 bytes)
1704905735.930357 sending message 105 to peer 0x561db21e7cb0 (41 bytes)
1704905735.930362 sending message 105 to peer 0x561db21e7cb0 (22 bytes)
1704905735.930367 sending message 105 to peer 0x561db21e7cb0 (20 bytes)
1704905735.930371 sending message 105 to peer 0x561db21e7cb0 (18 bytes)
1704905735.930376 sending message 105 to peer 0x561db21e7cb0 (26 bytes)
1704905735.930380 sending message 105 to peer 0x561db21e7cb0 (36 bytes)
1704905735.930385 sending message 105 to peer 0x561db21e7cb0 (13 bytes)
1704905735.930390 sending message 105 to peer 0x561db21e7cb0 (53 bytes)
1704905735.930395 sending message 105 to peer 0x561db21e7cb0 (12 bytes)
1704905735.930400 sending message 105 to peer 0x561db21e7cb0 (16 bytes)
1704905735.930404 sending message 105 to peer 0x561db21e7cb0 (17 bytes)
1704905735.930409 sending message 105 to peer 0x561db21e7cb0 (26 bytes)
1704905735.930414 sending message 105 to peer 0x561db21e7cb0 (54 bytes)
1704905735.930419 sending message 105 to peer 0x561db21e7cb0 (33 bytes)
1704905735.930424 sending message 105 to peer 0x561db21e7cb0 (146 bytes)
1704905735.930428 sending message 105 to peer 0x561db21e7cb0 (23 bytes)
1704905735.930433 sending message 105 to peer 0x561db21e7cb0 (31 bytes)
1704905735.930438 sending message 105 to peer 0x561db21e7cb0 (23 bytes)
1704905735.930443 sending message 105 to peer 0x561db21e7cb0 (27 bytes)
1704905735.930447 sending message 105 to peer 0x561db21e7cb0 (25 bytes)
1704905735.930452 sending message 105 to peer 0x561db21e7cb0 (20 bytes)
1704905735.930457 sending message 105 to peer 0x561db21e7cb0 (28 bytes)
1704905735.930461 sending message 105 to peer 0x561db21e7cb0 (16 bytes)
1704905735.930466 sending message 105 to peer 0x561db21e7cb0 (24 bytes)
1704905735.930475 sending message 105 to peer 0x561db21e7cb0 (20 bytes)
1704905735.930480 sending message 105 to peer 0x561db21e7cb0 (10 bytes)
1704905735.930484 sending message 106 to peer 0x561db21e7cb0 (0 bytes)
1704905735.930557 sending message 200 to peer 0x561db21e7cb0 (4 bytes)
1704905735.930562 client loop enter
1704905735.931225 peer 0x561db21e7cb0 message 303
1704905735.931242 open write file 2 -
1704905735.931255 sending message 305 to peer 0x561db21e7cb0 (8 bytes)
1704905735.931269 write check file 2
1704905735.931585 peer 0x561db21e7cb0 message 304
1704905735.931600 write 58 to file 2
1704905735.931608 peer 0x561db21e7cb0 message 203
1704905735.931613 file 2 58 bytes left
1704905735.931636 write check file 2
1704905735.931641 client loop exit
